0 verbose cli /root/.nvm/versions/node/v20.16.0/bin/node /root/.nvm/versions/node/v20.16.0/bin/npm
1 info using npm@10.8.1
2 info using node@v20.16.0
3 silly config load:file:/root/.nvm/versions/node/v20.16.0/lib/node_modules/npm/npmrc
4 silly config load:file:/root/.npmrc
5 silly config load:file:/root/.nvm/versions/node/v20.16.0/etc/npmrc
6 verbose title npm install @nomicfoundation/hardhat-toolbox
7 verbose argv "install" "--save-dev" "@nomicfoundation/hardhat-toolbox"
8 verbose logfile logs-max:10 dir:/root/.npm/_logs/2024-07-26T19_56_29_237Z-
9 verbose logfile /root/.npm/_logs/2024-07-26T19_56_29_237Z-debug-0.log
10 silly packumentCache heap:2051014656 maxSize:512753664 maxEntrySize:256376832
11 silly logfile start cleaning logs, removing 1 files
12 silly logfile done cleaning log files
13 silly idealTree buildDeps
14 silly fetch manifest @nomicfoundation/hardhat-toolbox@^5.0.0
15 silly packumentCache full:https://registry.npmjs.org/@nomicfoundation%2fhardhat-toolbox cache-miss
16 http fetch GET 200 https://registry.npmjs.org/@nomicfoundation%2fhardhat-toolbox 114ms (cache hit)
17 silly packumentCache full:https://registry.npmjs.org/@nomicfoundation%2fhardhat-toolbox set size:55216 disposed:false
18 silly fetch manifest @nomicfoundation/hardhat-chai-matchers@^2.0.0
19 silly packumentCache full:https://registry.npmjs.org/@nomicfoundation%2fhardhat-chai-matchers cache-miss
20 http fetch GET 200 https://registry.npmjs.org/@nomicfoundation%2fhardhat-chai-matchers 3ms (cache hit)
21 silly packumentCache full:https://registry.npmjs.org/@nomicfoundation%2fhardhat-chai-matchers set size:87778 disposed:false
22 silly fetch manifest @nomicfoundation/hardhat-ethers@^3.0.0
23 silly packumentCache full:https://registry.npmjs.org/@nomicfoundation%2fhardhat-ethers cache-miss
24 http fetch GET 200 https://registry.npmjs.org/@nomicfoundation%2fhardhat-ethers 3ms (cache hit)
25 silly packumentCache full:https://registry.npmjs.org/@nomicfoundation%2fhardhat-ethers set size:26620 disposed:false
26 silly fetch manifest ethers@^6.1.0
27 silly packumentCache full:https://registry.npmjs.org/ethers cache-miss
28 http fetch GET 200 https://registry.npmjs.org/ethers 6ms (cache hit)
29 silly packumentCache full:https://registry.npmjs.org/ethers set size:1309679 disposed:false
30 silly fetch manifest hardhat@^2.22.6
31 silly packumentCache full:https://registry.npmjs.org/hardhat cache-miss
32 http fetch GET 200 https://registry.npmjs.org/hardhat 5ms (cache hit)
33 silly packumentCache full:https://registry.npmjs.org/hardhat set size:1021361 disposed:false
34 silly fetch manifest ts-node@*
35 silly packumentCache full:https://registry.npmjs.org/ts-node cache-miss
36 http fetch GET 200 https://registry.npmjs.org/ts-node 3ms (cache hit)
37 silly packumentCache full:https://registry.npmjs.org/ts-node set size:574520 disposed:false
38 silly fetch manifest @swc/core@>=1.2.50
39 silly packumentCache full:https://registry.npmjs.org/@swc%2fcore cache-miss
40 http fetch GET 200 https://registry.npmjs.org/@swc%2fcore 8ms (cache hit)
41 silly packumentCache full:https://registry.npmjs.org/@swc%2fcore set size:3073005 disposed:false
42 silly fetch manifest @swc/helpers@*
43 silly packumentCache full:https://registry.npmjs.org/@swc%2fhelpers cache-miss
44 http fetch GET 200 https://registry.npmjs.org/@swc%2fhelpers 8ms (cache hit)
45 silly packumentCache full:https://registry.npmjs.org/@swc%2fhelpers set size:568005 disposed:false
46 silly fetch manifest @swc/wasm@>=1.2.50
47 silly packumentCache full:https://registry.npmjs.org/@swc%2fwasm cache-miss
48 http fetch GET 200 https://registry.npmjs.org/@swc%2fwasm 4ms (cache hit)
49 silly packumentCache full:https://registry.npmjs.org/@swc%2fwasm set size:937835 disposed:false
50 silly fetch manifest @types/node@*
51 silly packumentCache full:https://registry.npmjs.org/@types%2fnode cache-miss
52 http fetch GET 200 https://registry.npmjs.org/@types%2fnode 18ms (cache hit)
53 silly packumentCache full:https://registry.npmjs.org/@types%2fnode set size:8873479 disposed:false
54 silly fetch manifest typescript@>=2.7
55 silly packumentCache full:https://registry.npmjs.org/typescript cache-miss
56 http fetch GET 200 https://registry.npmjs.org/typescript 50ms (cache hit)
57 silly packumentCache full:https://registry.npmjs.org/typescript set size:13034628 disposed:false
58 silly fetch manifest chai@^4.2.0
59 silly packumentCache full:https://registry.npmjs.org/chai cache-miss
60 http fetch GET 200 https://registry.npmjs.org/chai 25ms (cache hit)
61 silly packumentCache full:https://registry.npmjs.org/chai set size:194264 disposed:false
62 silly fetch manifest @nomicfoundation/hardhat-ignition-ethers@^0.15.0
63 silly packumentCache full:https://registry.npmjs.org/@nomicfoundation%2fhardhat-ignition-ethers cache-miss
64 http fetch GET 200 https://registry.npmjs.org/@nomicfoundation%2fhardhat-ignition-ethers 4ms (cache hit)
65 silly packumentCache full:https://registry.npmjs.org/@nomicfoundation%2fhardhat-ignition-ethers set size:33378 disposed:false
66 silly fetch manifest @nomicfoundation/hardhat-ignition@^0.15.5
67 silly packumentCache full:https://registry.npmjs.org/@nomicfoundation%2fhardhat-ignition cache-miss
68 http fetch GET 200 https://registry.npmjs.org/@nomicfoundation%2fhardhat-ignition 2ms (cache hit)
69 silly packumentCache full:https://registry.npmjs.org/@nomicfoundation%2fhardhat-ignition set size:91608 disposed:false
70 silly fetch manifest @nomicfoundation/hardhat-verify@^2.0.1
71 silly packumentCache full:https://registry.npmjs.org/@nomicfoundation%2fhardhat-verify cache-miss
72 http fetch GET 200 https://registry.npmjs.org/@nomicfoundation%2fhardhat-verify 1ms (cache hit)
73 silly packumentCache full:https://registry.npmjs.org/@nomicfoundation%2fhardhat-verify set size:65484 disposed:false
74 silly fetch manifest @nomicfoundation/ignition-core@^0.15.5
75 silly packumentCache full:https://registry.npmjs.org/@nomicfoundation%2fignition-core cache-miss
76 http fetch GET 200 https://registry.npmjs.org/@nomicfoundation%2fignition-core 1ms (cache hit)
77 silly packumentCache full:https://registry.npmjs.org/@nomicfoundation%2fignition-core set size:79004 disposed:false
78 silly fetch manifest @nomicfoundation/hardhat-network-helpers@^1.0.0
79 silly packumentCache full:https://registry.npmjs.org/@nomicfoundation%2fhardhat-network-helpers cache-miss
80 http fetch GET 200 https://registry.npmjs.org/@nomicfoundation%2fhardhat-network-helpers 1ms (cache hit)
81 silly packumentCache full:https://registry.npmjs.org/@nomicfoundation%2fhardhat-network-helpers set size:64802 disposed:false
82 silly fetch manifest @typechain/ethers-v6@^0.5.0
83 silly packumentCache full:https://registry.npmjs.org/@typechain%2fethers-v6 cache-miss
84 http fetch GET 200 https://registry.npmjs.org/@typechain%2fethers-v6 1ms (cache hit)
85 silly packumentCache full:https://registry.npmjs.org/@typechain%2fethers-v6 set size:35710 disposed:false
86 silly fetch manifest typechain@^8.3.2
87 silly packumentCache full:https://registry.npmjs.org/typechain cache-miss
88 http fetch GET 200 https://registry.npmjs.org/typechain 2ms (cache hit)
89 silly packumentCache full:https://registry.npmjs.org/typechain set size:389293 disposed:false
90 silly fetch manifest @typechain/hardhat@^9.0.0
91 silly packumentCache full:https://registry.npmjs.org/@typechain%2fhardhat cache-miss
92 http fetch GET 200 https://registry.npmjs.org/@typechain%2fhardhat 2ms (cache hit)
93 silly packumentCache full:https://registry.npmjs.org/@typechain%2fhardhat set size:103526 disposed:false
94 silly fetch manifest @types/chai@^4.2.0
95 silly packumentCache full:https://registry.npmjs.org/@types%2fchai cache-miss
96 http fetch GET 200 https://registry.npmjs.org/@types%2fchai 2ms (cache hit)
97 silly packumentCache full:https://registry.npmjs.org/@types%2fchai set size:203138 disposed:false
98 silly fetch manifest @types/mocha@>=9.1.0
99 silly packumentCache full:https://registry.npmjs.org/@types%2fmocha cache-miss
100 http fetch GET 200 https://registry.npmjs.org/@types%2fmocha 2ms (cache hit)
101 silly packumentCache full:https://registry.npmjs.org/@types%2fmocha set size:127727 disposed:false
102 silly fetch manifest hardhat-gas-reporter@^1.0.8
103 silly packumentCache full:https://registry.npmjs.org/hardhat-gas-reporter cache-miss
104 http fetch GET 200 https://registry.npmjs.org/hardhat-gas-reporter 3ms (cache hit)
105 silly packumentCache full:https://registry.npmjs.org/hardhat-gas-reporter set size:321519 disposed:false
106 silly fetch manifest solidity-coverage@^0.8.1
107 silly packumentCache full:https://registry.npmjs.org/solidity-coverage cache-miss
108 http fetch GET 200 https://registry.npmjs.org/solidity-coverage 2ms (cache hit)
109 silly packumentCache full:https://registry.npmjs.org/solidity-coverage set size:625323 disposed:false
110 silly placeDep ROOT @nomicfoundation/hardhat-toolbox@5.0.0 REPLACE for:  want: ^5.0.0
111 silly reify moves {}
112 silly audit bulk request {
112 silly audit   '@adraffy/ens-normalize': [ '1.10.1' ],
112 silly audit   '@cspotcode/source-map-support': [ '0.8.1' ],
112 silly audit   '@ethereumjs/rlp': [ '4.0.1' ],
112 silly audit   '@ethereumjs/util': [ '8.1.0' ],
112 silly audit   '@noble/curves': [ '1.4.2', '1.2.0' ],
112 silly audit   '@noble/hashes': [ '1.4.0', '1.3.2', '1.2.0' ],
112 silly audit   '@scure/bip32': [ '1.4.0', '1.1.5' ],
112 silly audit   '@scure/bip39': [ '1.3.0', '1.1.1' ],
112 silly audit   'ethereum-cryptography': [ '2.2.1', '0.1.3', '1.2.0' ],
112 silly audit   '@ethersproject/abi': [ '5.7.0' ],
112 silly audit   '@ethersproject/abstract-provider': [ '5.7.0' ],
112 silly audit   '@ethersproject/abstract-signer': [ '5.7.0' ],
112 silly audit   '@ethersproject/address': [ '5.7.0', '5.6.1' ],
112 silly audit   '@ethersproject/base64': [ '5.7.0' ],
112 silly audit   '@ethersproject/basex': [ '5.7.0' ],
112 silly audit   '@ethersproject/bignumber': [ '5.7.0' ],
112 silly audit   '@ethersproject/bytes': [ '5.7.0' ],
112 silly audit   '@ethersproject/constants': [ '5.7.0' ],
112 silly audit   '@ethersproject/contracts': [ '5.7.0' ],
112 silly audit   '@ethersproject/hash': [ '5.7.0' ],
112 silly audit   '@ethersproject/hdnode': [ '5.7.0' ],
112 silly audit   '@ethersproject/json-wallets': [ '5.7.0' ],
112 silly audit   'aes-js': [ '3.0.0', '4.0.0-beta.5' ],
112 silly audit   '@ethersproject/keccak256': [ '5.7.0' ],
112 silly audit   '@ethersproject/logger': [ '5.7.0' ],
112 silly audit   '@ethersproject/networks': [ '5.7.1' ],
112 silly audit   '@ethersproject/pbkdf2': [ '5.7.0' ],
112 silly audit   '@ethersproject/properties': [ '5.7.0' ],
112 silly audit   '@ethersproject/providers': [ '5.7.2' ],
112 silly audit   ws: [ '7.4.6', '8.17.1', '7.5.10' ],
112 silly audit   '@ethersproject/random': [ '5.7.0' ],
112 silly audit   '@ethersproject/rlp': [ '5.7.0' ],
112 silly audit   '@ethersproject/sha2': [ '5.7.0' ],
112 silly audit   '@ethersproject/signing-key': [ '5.7.0' ],
112 silly audit   '@ethersproject/solidity': [ '5.7.0' ],
112 silly audit   '@ethersproject/strings': [ '5.7.0' ],
112 silly audit   '@ethersproject/transactions': [ '5.7.0' ],
112 silly audit   '@ethersproject/units': [ '5.7.0' ],
112 silly audit   '@ethersproject/wallet': [ '5.7.0' ],
112 silly audit   '@ethersproject/web': [ '5.7.1' ],
112 silly audit   '@ethersproject/wordlists': [ '5.7.0' ],
112 silly audit   '@fastify/busboy': [ '2.1.1' ],
112 silly audit   '@jridgewell/resolve-uri': [ '3.1.2' ],
112 silly audit   '@jridgewell/sourcemap-codec': [ '1.5.0' ],
112 silly audit   '@jridgewell/trace-mapping': [ '0.3.9' ],
112 silly audit   '@metamask/eth-sig-util': [ '4.0.1' ],
112 silly audit   '@noble/secp256k1': [ '1.7.1' ],
112 silly audit   '@nodelib/fs.scandir': [ '2.1.5' ],
112 silly audit   '@nodelib/fs.stat': [ '2.0.5' ],
112 silly audit   '@nodelib/fs.walk': [ '1.2.8' ],
112 silly audit   '@nomicfoundation/edr': [ '0.4.2' ],
112 silly audit   '@nomicfoundation/edr-darwin-arm64': [ '0.4.2' ],
112 silly audit   '@nomicfoundation/edr-darwin-x64': [ '0.4.2' ],
112 silly audit   '@nomicfoundation/edr-linux-arm64-gnu': [ '0.4.2' ],
112 silly audit   '@nomicfoundation/edr-linux-arm64-musl': [ '0.4.2' ],
112 silly audit   '@nomicfoundation/edr-linux-x64-gnu': [ '0.4.2' ],
112 silly audit   '@nomicfoundation/edr-linux-x64-musl': [ '0.4.2' ],
112 silly audit   '@nomicfoundation/edr-win32-x64-msvc': [ '0.4.2' ],
112 silly audit   '@nomicfoundation/ethereumjs-common': [ '4.0.4' ],
112 silly audit   '@nomicfoundation/ethereumjs-rlp': [ '5.0.4' ],
112 silly audit   '@nomicfoundation/ethereumjs-tx': [ '5.0.4' ],
112 silly audit   '@nomicfoundation/ethereumjs-util': [ '9.0.4' ],
112 silly audit   '@nomicfoundation/hardhat-chai-matchers': [ '2.0.7' ],
112 silly audit   '@nomicfoundation/hardhat-ethers': [ '3.0.6' ],
112 silly audit   '@nomicfoundation/hardhat-ignition': [ '0.15.5' ],
112 silly audit   '@nomicfoundation/hardhat-ignition-ethers': [ '0.15.5' ],
112 silly audit   'ansi-styles': [ '4.3.0', '3.2.1' ],
112 silly audit   chalk: [ '4.1.2', '2.4.2' ],
112 silly audit   'color-convert': [ '2.0.1', '1.9.3' ],
112 silly audit   'color-name': [ '1.1.4', '1.1.3' ],
112 silly audit   'fs-extra': [ '10.1.0', '9.1.0', '7.0.1', '8.1.0' ],
112 silly audit   'has-flag': [ '4.0.0', '3.0.0', '1.0.0' ],
112 silly audit   jsonfile: [ '6.1.0', '4.0.0' ],
112 silly audit   'supports-color': [ '7.2.0', '8.1.1', '3.2.3', '5.5.0' ],
112 silly audit   universalify: [ '2.0.1', '0.1.2' ],
112 silly audit   '@nomicfoundation/hardhat-network-helpers': [ '1.0.11' ],
112 silly audit   'ethereumjs-util': [ '7.1.5', '6.2.1' ],
112 silly audit   '@nomicfoundation/hardhat-verify': [ '2.0.8' ],
112 silly audit   '@nomicfoundation/ignition-core': [ '0.15.5' ],
112 silly audit   cbor: [ '9.0.2', '8.1.0' ],
112 silly audit   '@nomicfoundation/ignition-ui': [ '0.15.5' ],
112 silly audit   '@nomicfoundation/solidity-analyzer': [ '0.1.2' ],
112 silly audit   '@nomicfoundation/solidity-analyzer-darwin-arm64': [ '0.1.2' ],
112 silly audit   '@nomicfoundation/solidity-analyzer-darwin-x64': [ '0.1.2' ],
112 silly audit   '@nomicfoundation/solidity-analyzer-linux-arm64-gnu': [ '0.1.2' ],
112 silly audit   '@nomicfoundation/solidity-analyzer-linux-arm64-musl': [ '0.1.2' ],
112 silly audit   '@nomicfoundation/solidity-analyzer-linux-x64-gnu': [ '0.1.2' ],
112 silly audit   '@nomicfoundation/solidity-analyzer-linux-x64-musl': [ '0.1.2' ],
112 silly audit   '@nomicfoundation/solidity-analyzer-win32-x64-msvc': [ '0.1.2' ],
112 silly audit   '@scure/base': [ '1.1.7' ],
112 silly audit   '@sentry/core': [ '5.30.0' ],
112 silly audit   '@sentry/hub': [ '5.30.0' ],
112 silly audit   '@sentry/minimal': [ '5.30.0' ],
112 silly audit   '@sentry/node': [ '5.30.0' ],
112 silly audit   '@sentry/tracing': [ '5.30.0' ],
112 silly audit   '@sentry/types': [ '5.30.0' ],
112 silly audit   '@sentry/utils': [ '5.30.0' ],
112 silly audit   '@solidity-parser/parser': [ '0.14.5', '0.18.0' ],
112 silly audit   '@tsconfig/node10': [ '1.0.11' ],
112 silly audit   '@tsconfig/node12': [ '1.0.11' ],
112 silly audit   '@tsconfig/node14': [ '1.0.3' ],
112 silly audit   '@tsconfig/node16': [ '1.0.4' ],
112 silly audit   '@typechain/ethers-v6': [ '0.5.1' ],
112 silly audit   '@typechain/hardhat': [ '9.1.0' ],
112 silly audit   '@types/bn.js': [ '5.1.5', '4.11.6' ],
112 silly audit   '@types/chai': [ '4.3.16' ],
112 silly audit   '@types/chai-as-promised': [ '7.1.8' ],
112 silly audit   '@types/concat-stream': [ '1.6.1' ],
112 silly audit   '@types/form-data': [ '0.0.33' ],
112 silly audit   '@types/glob': [ '7.2.0' ],
112 silly audit   '@types/lru-cache': [ '5.1.1' ],
112 silly audit   '@types/minimatch': [ '5.1.2' ],
112 silly audit   '@types/mocha': [ '10.0.7' ],
112 silly audit   '@types/node': [ '20.14.12', '18.15.13', '10.17.60', '8.10.66' ],
112 silly audit   '@types/pbkdf2': [ '3.1.2' ],
112 silly audit   '@types/prettier': [ '2.7.3' ],
112 silly audit   '@types/qs': [ '6.9.15' ],
112 silly audit   '@types/secp256k1': [ '4.0.6' ],
112 silly audit   abbrev: [ '1.0.9' ],
112 silly audit   acorn: [ '8.12.1' ],
112 silly audit   'acorn-walk': [ '8.3.3' ],
112 silly audit   'adm-zip': [ '0.4.16' ],
112 silly audit   'agent-base': [ '6.0.2' ],
112 silly audit   'aggregate-error': [ '3.1.0' ],
112 silly audit   ajv: [ '8.17.1' ],
112 silly audit   amdefine: [ '1.0.1' ],
112 silly audit   'ansi-align': [ '3.0.1' ],
112 silly audit   'ansi-colors': [ '4.1.3' ],
112 silly audit   'ansi-escapes': [ '4.3.2' ],
112 silly audit   'ansi-regex': [ '5.0.1', '3.0.1' ],
112 silly audit   antlr4ts: [ '0.5.0-alpha.4' ],
112 silly audit   anymatch: [ '3.1.3' ],
112 silly audit   arg: [ '4.1.3' ],
112 silly audit   argparse: [ '2.0.1', '1.0.10' ],
112 silly audit   'array-back': [ '3.1.0', '4.0.2' ],
112 silly audit   'array-union': [ '2.1.0' ],
112 silly audit   'array-uniq': [ '1.0.3' ],
112 silly audit   asap: [ '2.0.6' ],
112 silly audit   'assertion-error': [ '1.1.0' ],
112 silly audit   'astral-regex': [ '2.0.0' ],
112 silly audit   async: [ '1.5.2' ],
112 silly audit   asynckit: [ '0.4.0' ],
112 silly audit   'at-least-node': [ '1.0.0' ],
112 silly audit   axios: [ '1.7.2' ],
112 silly audit   'balanced-match': [ '1.0.2' ],
112 silly audit   'base-x': [ '3.0.10' ],
112 silly audit   bech32: [ '1.1.4' ],
112 silly audit   'binary-extensions': [ '2.3.0' ],
112 silly audit   blakejs: [ '1.2.1' ],
112 silly audit   'bn.js': [ '5.2.1', '4.12.0', '4.11.6' ],
112 silly audit   boxen: [ '5.1.2' ],
112 silly audit   'type-fest': [ '0.20.2', '0.7.1', '0.21.3' ],
112 silly audit   'brace-expansion': [ '1.1.11', '2.0.1' ],
112 silly audit   braces: [ '3.0.3' ],
112 silly audit   brorand: [ '1.1.0' ],
112 silly audit   'browser-stdout': [ '1.3.1' ],
112 silly audit   'browserify-aes': [ '1.2.0' ],
112 silly audit   bs58: [ '4.0.1' ],
112 silly audit   bs58check: [ '2.1.2' ],
112 silly audit   'buffer-from': [ '1.1.2' ],
112 silly audit   'buffer-xor': [ '1.0.3' ],
112 silly audit   bytes: [ '3.1.2' ],
112 silly audit   'call-bind': [ '1.0.7' ],
112 silly audit   camelcase: [ '6.3.0' ],
112 silly audit   caseless: [ '0.12.0' ],
112 silly audit   chai: [ '4.5.0' ],
112 silly audit   'chai-as-promised': [ '7.1.2' ],
112 silly audit   charenc: [ '0.0.2' ],
112 silly audit   'check-error': [ '1.0.3' ],
112 silly audit   chokidar: [ '3.6.0' ],
112 silly audit   'ci-info': [ '2.0.0' ],
112 silly audit   'cipher-base': [ '1.0.4' ],
112 silly audit   'clean-stack': [ '2.2.0' ],
112 silly audit   'cli-boxes': [ '2.2.1' ],
112 silly audit   'cli-table3': [ '0.5.1' ],
112 silly audit   'is-fullwidth-code-point': [ '2.0.0', '3.0.0' ],
112 silly audit   'string-width': [ '2.1.1', '4.2.3' ],
112 silly audit   'strip-ansi': [ '4.0.0', '6.0.1' ],
112 silly audit   cliui: [ '7.0.4' ],
112 silly audit   colors: [ '1.4.0' ],
112 silly audit   'combined-stream': [ '1.0.8' ],
112 silly audit   'command-exists': [ '1.2.9' ],
112 silly audit   'command-line-args': [ '5.2.1' ],
112 silly audit   'command-line-usage': [ '6.1.3' ],
112 silly audit   typical: [ '5.2.0', '4.0.0' ],
112 silly audit   commander: [ '8.3.0' ],
112 silly audit   'concat-map': [ '0.0.1' ],
112 silly audit   'concat-stream': [ '1.6.2' ],
112 silly audit   'readable-stream': [ '2.3.8', '3.6.2' ],
112 silly audit   'safe-buffer': [ '5.1.2', '5.2.1' ],
112 silly audit   string_decoder: [ '1.1.1', '1.3.0' ],
112 silly audit   cookie: [ '0.4.2' ],
112 silly audit   'core-util-is': [ '1.0.3' ],
112 silly audit   'create-hash': [ '1.2.0' ],
112 silly audit   'create-hmac': [ '1.1.7' ],
112 silly audit   'create-require': [ '1.1.1' ],
112 silly audit   crypt: [ '0.0.2' ],
112 silly audit   death: [ '1.1.0' ],
112 silly audit   debug: [ '4.3.5' ],
112 silly audit   decamelize: [ '4.0.0' ],
112 silly audit   'deep-eql': [ '4.1.4' ],
112 silly audit   'deep-extend': [ '0.6.0' ],
112 silly audit   'deep-is': [ '0.1.4' ],
112 silly audit   'define-data-property': [ '1.1.4' ],
112 silly audit   'delayed-stream': [ '1.0.0' ],
112 silly audit   depd: [ '2.0.0' ],
112 silly audit   diff: [ '5.2.0', '4.0.2' ],
112 silly audit   difflib: [ '0.2.4' ],
112 silly audit   'dir-glob': [ '3.0.1' ],
112 silly audit   elliptic: [ '6.5.4' ],
112 silly audit   'emoji-regex': [ '8.0.0' ],
112 silly audit   enquirer: [ '2.4.1' ],
112 silly audit   'env-paths': [ '2.2.1' ],
112 silly audit   'es-define-property': [ '1.0.0' ],
112 silly audit   'es-errors': [ '1.3.0' ],
112 silly audit   escalade: [ '3.1.2' ],
112 silly audit   'escape-string-regexp': [ '1.0.5', '4.0.0' ],
112 silly audit   escodegen: [ '1.8.1' ],
112 silly audit   'source-map': [ '0.2.0', '0.6.1' ],
112 silly audit   esprima: [ '2.7.3', '4.0.1' ],
112 silly audit   estraverse: [ '1.9.3' ],
112 silly audit   esutils: [ '2.0.3' ],
112 silly audit   'eth-gas-reporter': [ '0.2.27' ],
112 silly audit   ethers: [ '5.7.2', '6.13.2' ],
112 silly audit   'ethereum-bloom-filters': [ '1.2.0' ],
112 silly audit   'ethereumjs-abi': [ '0.6.8' ],
112 silly audit   tslib: [ '2.4.0', '1.14.1' ],
112 silly audit   'ethjs-unit': [ '0.1.6' ],
112 silly audit   'ethjs-util': [ '0.1.6' ],
112 silly audit   evp_bytestokey: [ '1.0.3' ],
112 silly audit   'fast-deep-equal': [ '3.1.3' ],
112 silly audit   'fast-glob': [ '3.3.2' ],
112 silly audit   'fast-levenshtein': [ '2.0.6' ],
112 silly audit   'fast-uri': [ '3.0.1' ],
112 silly audit   fastq: [ '1.17.1' ],
112 silly audit   'fill-range': [ '7.1.1' ],
112 silly audit   'find-replace': [ '3.0.0' ],
112 silly audit   'find-up': [ '2.1.0', '5.0.0' ],
112 silly audit   flat: [ '5.0.2' ],
112 silly audit   'follow-redirects': [ '1.15.6' ],
112 silly audit   'form-data': [ '4.0.0', '2.5.1' ],
112 silly audit   'fp-ts': [ '1.19.3' ],
112 silly audit   'fs-readdir-recursive': [ '1.1.0' ],
112 silly audit   'fs.realpath': [ '1.0.0' ],
112 silly audit   fsevents: [ '2.3.3' ],
112 silly audit   'function-bind': [ '1.1.2' ],
112 silly audit   'get-caller-file': [ '2.0.5' ],
112 silly audit   'get-func-name': [ '2.0.2' ],
112 silly audit   'get-intrinsic': [ '1.2.4' ],
112 silly audit   'get-port': [ '3.2.0' ],
112 silly audit   'ghost-testrpc': [ '0.0.2' ],
112 silly audit   glob: [ '7.2.0', '8.1.0', '5.0.15', '7.1.7' ],
112 silly audit   'glob-parent': [ '5.1.2' ],
112 silly audit   'global-modules': [ '2.0.0' ],
112 silly audit   'global-prefix': [ '3.0.0' ],
112 silly audit   globby: [ '10.0.2' ],
112 silly audit   gopd: [ '1.0.1' ],
112 silly audit   'graceful-fs': [ '4.2.11' ],
112 silly audit   handlebars: [ '4.7.8' ],
112 silly audit   hardhat: [ '2.22.6' ],
112 silly audit   'hardhat-gas-reporter': [ '1.0.10' ],
112 silly audit   'has-property-descriptors': [ '1.0.2' ],
112 silly audit   'has-proto': [ '1.0.3' ],
112 silly audit   'has-symbols': [ '1.0.3' ],
112 silly audit   'hash-base': [ '3.1.0' ],
112 silly audit   'hash.js': [ '1.1.7' ],
112 silly audit   hasown: [ '2.0.2' ],
112 silly audit   he: [ '1.2.0' ],
112 silly audit   heap: [ '0.2.7' ],
112 silly audit   'hmac-drbg': [ '1.0.1' ],
112 silly audit   'http-basic': [ '8.1.3' ],
112 silly audit   'http-errors': [ '2.0.0' ],
112 silly audit   'http-response-object': [ '3.0.2' ],
112 silly audit   'https-proxy-agent': [ '5.0.1' ],
112 silly audit   'iconv-lite': [ '0.4.24' ],
112 silly audit   ignore: [ '5.3.1' ],
112 silly audit   immer: [ '10.0.2' ],
112 silly audit   immutable: [ '4.3.7' ],
112 silly audit   'indent-string': [ '4.0.0' ],
112 silly audit   inflight: [ '1.0.6' ],
112 silly audit   inherits: [ '2.0.4' ],
112 silly audit   ini: [ '1.3.8' ],
112 silly audit   interpret: [ '1.4.0' ],
112 silly audit   'io-ts': [ '1.10.4' ],
112 silly audit   'is-binary-path': [ '2.1.0' ],
112 silly audit   'is-extglob': [ '2.1.1' ],
112 silly audit   'is-glob': [ '4.0.3' ],
112 silly audit   'is-hex-prefixed': [ '1.0.0' ],
112 silly audit   'is-number': [ '7.0.0' ],
112 silly audit   'is-plain-obj': [ '2.1.0' ],
112 silly audit   'is-unicode-supported': [ '0.1.0' ],
112 silly audit   isarray: [ '1.0.0' ],
112 silly audit   isexe: [ '2.0.0' ],
112 silly audit   'js-sha3': [ '0.8.0' ],
112 silly audit   'js-yaml': [ '4.1.0', '3.14.1' ],
112 silly audit   'json-schema-traverse': [ '1.0.0' ],
112 silly audit   'json-stringify-safe': [ '5.0.1' ],
112 silly audit   jsonschema: [ '1.4.1' ],
112 silly audit   keccak: [ '3.0.4' ],
112 silly audit   'kind-of': [ '6.0.3' ],
112 silly audit   kleur: [ '3.0.3' ],
112 silly audit   levn: [ '0.3.0' ],
112 silly audit   'locate-path': [ '2.0.0', '6.0.0' ],
112 silly audit   lodash: [ '4.17.21' ],
112 silly audit   'lodash.camelcase': [ '4.3.0' ],
112 silly audit   'lodash.clonedeep': [ '4.5.0' ],
112 silly audit   'lodash.isequal': [ '4.5.0' ],
112 silly audit   'lodash.truncate': [ '4.4.2' ],
112 silly audit   'log-symbols': [ '4.1.0' ],
112 silly audit   loupe: [ '2.3.7' ],
112 silly audit   lru_map: [ '0.3.3' ],
112 silly audit   'make-error': [ '1.3.6' ],
112 silly audit   'markdown-table': [ '1.1.3' ],
112 silly audit   'md5.js': [ '1.3.5' ],
112 silly audit   memorystream: [ '0.3.1' ],
112 silly audit   merge2: [ '1.4.1' ],
112 silly audit   'micro-ftch': [ '0.3.1' ],
112 silly audit   micromatch: [ '4.0.7' ],
112 silly audit   'mime-db': [ '1.52.0' ],
112 silly audit   'mime-types': [ '2.1.35' ],
112 silly audit   'minimalistic-assert': [ '1.0.1' ],
112 silly audit   'minimalistic-crypto-utils': [ '1.0.1' ],
112 silly audit   minimatch: [ '3.1.2', '5.1.6' ],
112 silly audit   minimist: [ '1.2.8' ],
112 silly audit   mkdirp: [ '0.5.6', '1.0.4' ],
112 silly audit   mnemonist: [ '0.38.5' ],
112 silly audit   mocha: [ '10.7.0' ],
112 silly audit   ms: [ '2.1.3', '2.1.2' ],
112 silly audit   'p-limit': [ '3.1.0', '1.3.0' ],
112 silly audit   'p-locate': [ '5.0.0', '2.0.0' ],
112 silly audit   'path-exists': [ '4.0.0', '3.0.0' ],
112 silly audit   ndjson: [ '2.0.0' ],
112 silly audit   'neo-async': [ '2.6.2' ],
112 silly audit   'node-addon-api': [ '2.0.2' ],
112 silly audit   'node-emoji': [ '1.11.0' ],
112 silly audit   'node-gyp-build': [ '4.8.1' ],
112 silly audit   nofilter: [ '3.1.0' ],
112 silly audit   nopt: [ '3.0.6' ],
112 silly audit   'normalize-path': [ '3.0.0' ],
112 silly audit   'number-to-bn': [ '1.7.0' ],
112 silly audit   'object-assign': [ '4.1.1' ],
112 silly audit   'object-inspect': [ '1.13.2' ],
112 silly audit   obliterator: [ '2.0.4' ],
112 silly audit   once: [ '1.4.0' ],
112 silly audit   optionator: [ '0.8.3' ],
112 silly audit   ordinal: [ '1.0.3' ],
112 silly audit   'os-tmpdir': [ '1.0.2' ],
112 silly audit   'p-map': [ '4.0.0' ],
112 silly audit   'p-try': [ '1.0.0' ],
112 silly audit   'parse-cache-control': [ '1.0.1' ],
112 silly audit   'path-is-absolute': [ '1.0.1' ],
112 silly audit   'path-parse': [ '1.0.7' ],
112 silly audit   'path-type': [ '4.0.0' ],
112 silly audit   pathval: [ '1.1.1' ],
112 silly audit   pbkdf2: [ '3.1.2' ],
112 silly audit   picomatch: [ '2.3.1' ],
112 silly audit   pify: [ '4.0.1' ],
112 silly audit   'prelude-ls': [ '1.1.2' ],
112 silly audit   prettier: [ '2.8.8' ],
112 silly audit   'process-nextick-args': [ '2.0.1' ],
112 silly audit   promise: [ '8.3.0' ],
112 silly audit   prompts: [ '2.4.2' ],
112 silly audit   'proxy-from-env': [ '1.1.0' ],
112 silly audit   qs: [ '6.12.3' ],
112 silly audit   'queue-microtask': [ '1.2.3' ],
112 silly audit   randombytes: [ '2.1.0' ],
112 silly audit   'raw-body': [ '2.5.2' ],
112 silly audit   readdirp: [ '3.6.0' ],
112 silly audit   rechoir: [ '0.6.2' ],
112 silly audit   'recursive-readdir': [ '2.2.3' ],
112 silly audit   'reduce-flatten': [ '2.0.0' ],
112 silly audit   'req-cwd': [ '2.0.0' ],
112 silly audit   'req-from': [ '2.0.0' ],
112 silly audit   'require-directory': [ '2.1.1' ],
112 silly audit   'require-from-string': [ '2.0.2' ],
112 silly audit   resolve: [ '1.17.0', '1.1.7' ],
112 silly audit   'resolve-from': [ '3.0.0' ],
112 silly audit   reusify: [ '1.0.4' ],
112 silly audit   ripemd160: [ '2.0.2' ],
112 silly audit   rlp: [ '2.2.7' ],
112 silly audit   'run-parallel': [ '1.2.0' ],
112 silly audit   'safer-buffer': [ '2.1.2' ],
112 silly audit   'sc-istanbul': [ '0.4.6' ],
112 silly audit   'scrypt-js': [ '3.0.1' ],
112 silly audit   secp256k1: [ '4.0.3' ],
112 silly audit   semver: [ '6.3.1', '5.7.2', '7.6.3' ],
112 silly audit   'serialize-javascript': [ '6.0.2' ],
112 silly audit   'set-function-length': [ '1.2.2' ],
112 silly audit   setimmediate: [ '1.0.5' ],
112 silly audit   setprototypeof: [ '1.2.0' ],
112 silly audit   'sha.js': [ '2.4.11' ],
112 silly audit   sha1: [ '1.1.1' ],
112 silly audit   shelljs: [ '0.8.5' ],
112 silly audit   'side-channel': [ '1.0.6' ],
112 silly audit   sisteransi: [ '1.0.5' ],
112 silly audit   slash: [ '3.0.0' ],
112 silly audit   'slice-ansi': [ '4.0.0' ],
112 silly audit   solc: [ '0.8.26' ],
112 silly audit   'solidity-coverage': [ '0.8.12' ],
112 silly audit   'source-map-support': [ '0.5.21' ],
112 silly audit   split2: [ '3.2.2' ],
112 silly audit   'sprintf-js': [ '1.0.3' ],
112 silly audit   'stacktrace-parser': [ '0.1.10' ],
112 silly audit   statuses: [ '2.0.1' ],
112 silly audit   'string-format': [ '2.0.0' ],
112 silly audit   'strip-hex-prefix': [ '1.0.0' ],
112 silly audit   'strip-json-comments': [ '3.1.1' ],
112 silly audit   'sync-request': [ '6.1.0' ],
112 silly audit   'sync-rpc': [ '1.3.6' ],
112 silly audit   table: [ '6.8.2' ],
112 silly audit   'table-layout': [ '1.0.2' ],
112 silly audit   'then-request': [ '6.0.2' ],
112 silly audit   through2: [ '4.0.2' ],
112 silly audit   tmp: [ '0.0.33' ],
112 silly audit   'to-regex-range': [ '5.0.1' ],
112 silly audit   toidentifier: [ '1.0.1' ],
112 silly audit   'ts-command-line-args': [ '2.5.1' ],
112 silly audit   'ts-essentials': [ '7.0.3' ],
112 silly audit   'ts-node': [ '10.9.2' ],
112 silly audit   tsort: [ '0.0.1' ],
112 silly audit   tweetnacl: [ '1.0.3' ],
112 silly audit   'tweetnacl-util': [ '0.15.1' ],
112 silly audit   'type-check': [ '0.3.2' ],
112 silly audit   'type-detect': [ '4.1.0' ],
112 silly audit   typechain: [ '8.3.2' ],
112 silly audit   typedarray: [ '0.0.6' ],
112 silly audit   typescript: [ '5.5.4' ],
112 silly audit   'uglify-js': [ '3.19.0' ],
112 silly audit   undici: [ '5.28.4' ],
112 silly audit   'undici-types': [ '5.26.5' ],
112 silly audit   unpipe: [ '1.0.0' ],
112 silly audit   utf8: [ '3.0.0' ],
112 silly audit   'util-deprecate': [ '1.0.2' ],
112 silly audit   uuid: [ '8.3.2' ],
112 silly audit   'v8-compile-cache-lib': [ '3.0.1' ],
112 silly audit   'web3-utils': [ '1.10.4' ],
112 silly audit   which: [ '1.3.1' ],
112 silly audit   'widest-line': [ '3.1.0' ],
112 silly audit   'word-wrap': [ '1.2.5' ],
112 silly audit   wordwrap: [ '1.0.0' ],
112 silly audit   wordwrapjs: [ '4.0.1' ],
112 silly audit   workerpool: [ '6.5.1' ],
112 silly audit   'wrap-ansi': [ '7.0.0' ],
112 silly audit   wrappy: [ '1.0.2' ],
112 silly audit   y18n: [ '5.0.8' ],
112 silly audit   yargs: [ '16.2.0' ],
112 silly audit   'yargs-parser': [ '20.2.9' ],
112 silly audit   'yargs-unparser': [ '2.0.0' ],
112 silly audit   yn: [ '3.1.1' ],
112 silly audit   'yocto-queue': [ '0.1.0' ],
112 silly audit   '@nomicfoundation/hardhat-toolbox': [ '5.0.0' ]
112 silly audit }
113 verbose reify failed optional dependency /root/node_modules/fsevents
114 silly reify mark deleted [ '/root/node_modules/fsevents' ]
115 http fetch POST 200 https://registry.npmjs.org/-/npm/v1/security/advisories/bulk 433ms
116 silly audit report {
116 silly audit report   ws: [
116 silly audit report     {
116 silly audit report       id: 1097616,
116 silly audit report       url: 'https://github.com/advisories/GHSA-3h5v-q93c-6h6q',
116 silly audit report       title: 'ws affected by a DoS when handling a request with many HTTP headers',
116 silly audit report       severity: 'high',
116 silly audit report       vulnerable_versions: '>=7.0.0 <7.5.10',
116 silly audit report       cwe: [Array],
116 silly audit report       cvss: [Object]
116 silly audit report     }
116 silly audit report   ]
116 silly audit report }
117 silly packumentCache corgi:https://registry.npmjs.org/ws cache-miss
118 http fetch GET 200 https://registry.npmjs.org/ws 4ms (cache hit)
119 silly packumentCache corgi:https://registry.npmjs.org/ws set size:190597 disposed:false
120 silly packumentCache corgi:https://registry.npmjs.org/@ethersproject%2fproviders cache-miss
121 http fetch GET 200 https://registry.npmjs.org/@ethersproject%2fproviders 4ms (cache hit)
122 silly packumentCache corgi:https://registry.npmjs.org/@ethersproject%2fproviders set size:248939 disposed:false
123 silly packumentCache corgi:https://registry.npmjs.org/ethers cache-miss
124 http fetch GET 200 https://registry.npmjs.org/ethers 3ms (cache hit)
125 silly packumentCache corgi:https://registry.npmjs.org/ethers set size:678558 disposed:false
126 silly packumentCache corgi:https://registry.npmjs.org/eth-gas-reporter cache-miss
127 http fetch GET 200 https://registry.npmjs.org/eth-gas-reporter 2ms (cache hit)
128 silly packumentCache corgi:https://registry.npmjs.org/eth-gas-reporter set size:110101 disposed:false
129 silly packumentCache corgi:https://registry.npmjs.org/hardhat-gas-reporter cache-miss
130 http fetch GET 200 https://registry.npmjs.org/hardhat-gas-reporter 2ms (cache hit)
131 silly packumentCache corgi:https://registry.npmjs.org/hardhat-gas-reporter set size:64274 disposed:false
132 silly ADD
133 verbose cwd /root
134 verbose os Linux 5.15.0-89-generic
135 verbose node v20.16.0
136 verbose npm  v10.8.1
137 verbose exit 0
138 info ok
